<?xml version="1.0" encoding="UTF-8"?>
<!-- Generated by org.testng.reporters.JUnitReportReporter -->
<testsuite hostname="MayurJain" failures="0" tests="1" name="Com.Kite.TestClasses.classTestNG.VerifyLoginFunctionality2FA" time="27.476" errors="0" timestamp="2022-07-26T21:06:17 GMT+05:30" skipped="0">
  <testcase classname="Com.Kite.TestClasses.classTestNG.VerifyLoginFunctionality2FA" name="loginFunctionality" time="27.476"/>
  <system-out/>
</testsuite> <!-- Com.Kite.TestClasses.classTestNG.VerifyLoginFunctionality2FA -->
