<?xml version="1.0" encoding="UTF-8"?>
<!-- Generated by org.testng.reporters.JUnitReportReporter -->
<testsuite hostname="MayurJain" failures="0" tests="1" name="Com.Kite.TestClasses.classTestNG.VerifySELLFunctionalitySBI" time="25.743" errors="0" timestamp="2022-07-26T21:14:16 GMT+05:30" skipped="0">
  <testcase classname="Com.Kite.TestClasses.classTestNG.VerifySELLFunctionalitySBI" name="sellFunctionality" time="25.743"/>
  <system-out/>
</testsuite> <!-- Com.Kite.TestClasses.classTestNG.VerifySELLFunctionalitySBI -->
