<?xml version="1.0" encoding="UTF-8"?>
<!-- Generated by org.testng.reporters.JUnitReportReporter -->
<testsuite hostname="MayurJain" failures="0" tests="1" name="TestNG.TestNG_Practice2" time="0.029" errors="0" timestamp="2022-07-26T21:34:23 GMT+05:30" skipped="0">
  <testcase classname="TestNG.TestNG_Practice2" name="method1" time="0.029"/>
  <system-out/>
</testsuite> <!-- TestNG.TestNG_Practice2 -->
