<?xml version="1.0" encoding="UTF-8"?>
<!-- Generated by org.testng.reporters.JUnitReportReporter -->
<testsuite hostname="MayurJain" failures="0" tests="1" name="Com.Kite.TestClasses.classTestNG.VerifyLoginFunctinality1" time="13.193" errors="0" timestamp="2022-07-26T21:08:05 GMT+05:30" skipped="0">
  <testcase classname="Com.Kite.TestClasses.classTestNG.VerifyLoginFunctinality1" name="login1Functionality" time="13.193"/>
  <system-out/>
</testsuite> <!-- Com.Kite.TestClasses.classTestNG.VerifyLoginFunctinality1 -->
