<?xml version="1.0" encoding="UTF-8"?>
<!-- Generated by org.testng.reporters.JUnitReportReporter -->
<testsuite hostname="MayurJain" failures="0" tests="1" name="Com.Kite.TestClasses.classTestNG.VerifySearchFunctionality" time="24.147" errors="0" timestamp="2022-07-27T00:33:35 GMT+05:30" skipped="0">
  <testcase classname="Com.Kite.TestClasses.classTestNG.VerifySearchFunctionality" name="searchFunctionality" time="24.147"/>
  <system-out/>
</testsuite> <!-- Com.Kite.TestClasses.classTestNG.VerifySearchFunctionality -->
