<?xml version="1.0" encoding="UTF-8"?>
<!-- Generated by org.testng.reporters.JUnitReportReporter -->
<testsuite hostname="MayurJain" failures="0" tests="1" name="Com.Amazon.TestClasses.TestNG.Verify_2_AddToCartFunctionality" time="68.323" errors="0" timestamp="2022-07-27T12:06:13 GMT+05:30" skipped="0">
  <testcase classname="Com.Amazon.TestClasses.TestNG.Verify_2_AddToCartFunctionality" name="AddTocart" time="68.323"/>
  <system-out/>
</testsuite> <!-- Com.Amazon.TestClasses.TestNG.Verify_2_AddToCartFunctionality -->
