<?xml version="1.0" encoding="UTF-8"?>
<!-- Generated by org.testng.reporters.JUnitReportReporter -->
<testsuite hostname="MayurJain" failures="0" tests="1" name="TestNG.TestNG_3_program" time="0.048" errors="0" timestamp="2022-07-26T21:54:00 GMT+05:30" skipped="0">
  <testcase classname="TestNG.TestNG_3_program" name="verifyLoginFunctionality" time="0.048"/>
  <system-out/>
</testsuite> <!-- TestNG.TestNG_3_program -->
