<?xml version="1.0" encoding="UTF-8"?>
<!-- Generated by org.testng.reporters.JUnitReportReporter -->
<testsuite hostname="MayurJain" failures="0" tests="3" name="Com.Kite.TestClasses.TestNG" time="0.030" errors="0" timestamp="2022-07-26T11:43:25 GMT+05:30" skipped="0">
  <testcase classname="Com.Kite.TestClasses.TestNG" name="method2" time="0.007"/>
  <system-out/>
  <testcase classname="Com.Kite.TestClasses.TestNG" name="method3" time="0.007"/>
  <system-out/>
  <testcase classname="Com.Kite.TestClasses.TestNG" name="method1" time="0.016"/>
  <system-out/>
</testsuite> <!-- Com.Kite.TestClasses.TestNG -->
