<?xml version="1.0" encoding="UTF-8"?>
<!-- Generated by org.testng.reporters.JUnitReportReporter -->
<testsuite hostname="MayurJain" failures="0" tests="1" name="Com.Amazon.TestClasses.TestNG.Verify_1_LoginFunctionalityTestClass" time="23.394" errors="0" timestamp="2022-07-27T13:47:26 GMT+05:30" skipped="0">
  <testcase classname="Com.Amazon.TestClasses.TestNG.Verify_1_LoginFunctionalityTestClass" name="login" time="23.394"/>
  <system-out/>
</testsuite> <!-- Com.Amazon.TestClasses.TestNG.Verify_1_LoginFunctionalityTestClass -->
